<?xml version="1.0" encoding="UTF-8"?>
<!-- Generated by org.testng.reporters.JUnitReportReporter -->
<testsuite skipped="0" hostname="LAPTOP-H6AKN3DE" name="com.qa.testscripts.TC_OrangeHrmValidateQualification_006" tests="24" failures="0" timestamp="2021-10-23T16:46:28 IST" time="228.800" errors="0">
  <testcase name="Login" time="7.017" classname="com.qa.testscripts.TC_OrangeHrmValidateQualification_006"/>
  <system-out>
    <![CDATA[Login is Successful and the Dashboard option is selected]]>
  </system-out>
  <testcase name="assignLeave" time="9.906" classname="com.qa.testscripts.TC_OrangeHrmValidateQualification_006"/>
  <system-out>
    <![CDATA[Assign Leave Button is clicked
The leave date is selected
Leave is overlapped]]>
  </system-out>
  <testcase name="LeaveList" time="9.959" classname="com.qa.testscripts.TC_OrangeHrmValidateQualification_006"/>
  <system-out/>
  <testcase name="TimeSheetView" time="7.765" classname="com.qa.testscripts.TC_OrangeHrmValidateQualification_006"/>
  <system-out>
    <![CDATA[The Time Sheet of Sara Tencrady is displayed]]>
  </system-out>
  <testcase name="TimeSheetView" time="4.911" classname="com.qa.testscripts.TC_OrangeHrmValidateQualification_006"/>
  <system-out>
    <![CDATA[The Time Sheet of Vaish Navi is displayed]]>
  </system-out>
  <testcase name="TimeSheetView" time="7.135" classname="com.qa.testscripts.TC_OrangeHrmValidateQualification_006"/>
  <system-out>
    <![CDATA[The Time Sheet of John Smith is displayed]]>
  </system-out>
  <testcase name="TimeSheetView" time="6.199" classname="com.qa.testscripts.TC_OrangeHrmValidateQualification_006"/>
  <system-out>
    <![CDATA[The Time Sheet of Nathan Elliot is displayed]]>
  </system-out>
  <testcase name="MyTimeSheet" time="24.310" classname="com.qa.testscripts.TC_OrangeHrmValidateQualification_006"/>
  <system-out/>
  <testcase name="ValidateUserSearch" time="3.588" classname="com.qa.testscripts.TC_OrangeHrmValidateQualification_006"/>
  <system-out>
    <![CDATA[Employee details are not found]]>
  </system-out>
  <testcase name="ValidateUserSearch" time="3.630" classname="com.qa.testscripts.TC_OrangeHrmValidateQualification_006"/>
  <system-out>
    <![CDATA[Employee details are not found]]>
  </system-out>
  <testcase name="ValidateSkills" time="13.682" classname="com.qa.testscripts.TC_OrangeHrmValidateQualification_006"/>
  <system-out>
    <![CDATA[Skill page is displayed
AddSkill page is displayed
Skill name is already exists]]>
  </system-out>
  <testcase name="ValidateUserSearch" time="3.066" classname="com.qa.testscripts.TC_OrangeHrmValidateQualification_006"/>
  <system-out>
    <![CDATA[Employee details are not found]]>
  </system-out>
  <testcase name="ValidateUserSearch" time="3.674" classname="com.qa.testscripts.TC_OrangeHrmValidateQualification_006"/>
  <system-out>
    <![CDATA[Employee details are not found]]>
  </system-out>
  <testcase name="ValidateSkills" time="12.647" classname="com.qa.testscripts.TC_OrangeHrmValidateQualification_006"/>
  <system-out>
    <![CDATA[Skill page is displayed
AddSkill page is displayed
Skill name is already exists]]>
  </system-out>
  <testcase name="ValidateUserSearch" time="3.497" classname="com.qa.testscripts.TC_OrangeHrmValidateQualification_006"/>
  <system-out>
    <![CDATA[Employee details are found]]>
  </system-out>
  <testcase name="ValidateUserSearch" time="4.175" classname="com.qa.testscripts.TC_OrangeHrmValidateQualification_006"/>
  <system-out>
    <![CDATA[Employee details are found]]>
  </system-out>
  <testcase name="ValidateEducation" time="13.722" classname="com.qa.testscripts.TC_OrangeHrmValidateQualification_006"/>
  <system-out>
    <![CDATA[Education page is displayed
AddEducation page is displayed
Education level is already exists]]>
  </system-out>
  <testcase name="ValidateEducation" time="13.019" classname="com.qa.testscripts.TC_OrangeHrmValidateQualification_006"/>
  <system-out>
    <![CDATA[Education page is displayed
AddEducation page is displayed
Education level is already exists]]>
  </system-out>
  <testcase name="ValidateLicenses" time="13.101" classname="com.qa.testscripts.TC_OrangeHrmValidateQualification_006"/>
  <system-out>
    <![CDATA[License page is displayed
AddLicense page is displayed
License name is already exists]]>
  </system-out>
  <testcase name="ValidateLicenses" time="13.324" classname="com.qa.testscripts.TC_OrangeHrmValidateQualification_006"/>
  <system-out>
    <![CDATA[License page is displayed
AddLicense page is displayed
License name is added successfully]]>
  </system-out>
  <testcase name="ValidateLanguages" time="13.058" classname="com.qa.testscripts.TC_OrangeHrmValidateQualification_006"/>
  <system-out>
    <![CDATA[Language page is displayed
AddLanguage page is displayed
language name is already exists]]>
  </system-out>
  <testcase name="ValidateLanguages" time="12.969" classname="com.qa.testscripts.TC_OrangeHrmValidateQualification_006"/>
  <system-out>
    <![CDATA[Language page is displayed
AddLanguage page is displayed
language name is already exists]]>
  </system-out>
  <testcase name="ValidateMembership" time="12.293" classname="com.qa.testscripts.TC_OrangeHrmValidateQualification_006"/>
  <system-out>
    <![CDATA[Membership page is displayed
AddMembership page is displayed
Membership name is already exists]]>
  </system-out>
  <testcase name="ValidateMembership" time="12.153" classname="com.qa.testscripts.TC_OrangeHrmValidateQualification_006"/>
  <system-out>
    <![CDATA[Membership page is displayed
AddMembership page is displayed
Membership name is already exists]]>
  </system-out>
</testsuite> <!-- com.qa.testscripts.TC_OrangeHrmValidateQualification_006 -->
