<?xml version="1.0" encoding="UTF-8"?>
<!-- Generated by org.testng.reporters.JUnitReportReporter -->
<testsuite skipped="0" hostname="LAPTOP-H6AKN3DE" name="com.qa.testscripts.TC_OrangeHrmMyInfo_007" tests="9" failures="0" timestamp="2021-10-23T17:46:12 IST" time="53.623" errors="0">
  <testcase name="Login" time="6.462" classname="com.qa.testscripts.TC_OrangeHrmMyInfo_007"/>
  <system-out>
    <![CDATA[Login is Successful and the Dashboard option is selected]]>
  </system-out>
  <testcase name="Myinfo" time="38.873" classname="com.qa.testscripts.TC_OrangeHrmMyInfo_007"/>
  <system-out>
    <![CDATA[Myinfo
Male Radio Button is selected 
Single is Selected from dropdown
Indian is Selected from dropdown
Dateof birth Added Successfully
Personal details are added successfully
Contact details page should be displayed
Address is Added
City is Added
State is Added
Zipcode is Added
India is selected from dropdown
Mobile number is Added
Email is Added
Contact details Added Successfully
Emergency contact page should be displayed
Energency contact name is added
Emergency contact Relationship is added
Emergency contact Home phonenumber is added
Emergency contact mobile number is added
Emergency contact Work phonenumber is added
Emergency contact details Added Successfully
Dependents page should be displayed
Dependent name is added
Relationship is added from dropdown
Dependent Date of birth is added
Dependent Details added successfully
Immigration page is displayed
Add Immigrations Details page is displayed
Passportnumber is added
Immigration Details added successfully
Qualification page should be displayed
AddWorkExperience page should be displayed
Company is added
JobTitle is added
AddWorkExperience page should be displayed
AddEducation page should be displayed
Education is selected from dropdown
Institute name is added
Specialization is added
EducationYear is added
Education GPA is added
Education start date is added
Education End date is added
Education details added successfully]]>
  </system-out>
  <testcase name="Skills" time="2.042" classname="com.qa.testscripts.TC_OrangeHrmMyInfo_007"/>
  <system-out>
    <![CDATA[Add Skills page should be displayed
Perlis already Present]]>
  </system-out>
  <testcase name="Skills" time="2.050" classname="com.qa.testscripts.TC_OrangeHrmMyInfo_007"/>
  <system-out>
    <![CDATA[Add Skills page should be displayed
Rubyis already Present]]>
  </system-out>
  <testcase name="Skills" time="2.051" classname="com.qa.testscripts.TC_OrangeHrmMyInfo_007"/>
  <system-out>
    <![CDATA[Add Skills page should be displayed
SQLis already Present]]>
  </system-out>
  <testcase name="Skills" time="2.053" classname="com.qa.testscripts.TC_OrangeHrmMyInfo_007"/>
  <system-out>
    <![CDATA[Add Skills page should be displayed
IOTis already Present]]>
  </system-out>
  <testcase name="Language" time="0.032" classname="com.qa.testscripts.TC_OrangeHrmMyInfo_007"/>
  <system-out>
    <![CDATA[Add language page is displayed 
Russianis already Present]]>
  </system-out>
  <testcase name="Language" time="0.025" classname="com.qa.testscripts.TC_OrangeHrmMyInfo_007"/>
  <system-out>
    <![CDATA[Add language page is displayed 
Tamilis already Present]]>
  </system-out>
  <testcase name="Language" time="0.035" classname="com.qa.testscripts.TC_OrangeHrmMyInfo_007"/>
  <system-out>
    <![CDATA[Add language page is displayed 
Englishis already Present]]>
  </system-out>
</testsuite> <!-- com.qa.testscripts.TC_OrangeHrmMyInfo_007 -->
