<?xml version="1.0" encoding="UTF-8"?>
<!-- Generated by org.testng.reporters.JUnitReportReporter -->
<testsuite skipped="0" hostname="LAPTOP-H6AKN3DE" name="com.qa.testscripts.TC_OrangeHrmTimeSheet_004" tests="8" failures="0" timestamp="2021-10-23T13:57:04 IST" time="72.522" errors="0">
  <testcase name="Login" time="6.253" classname="com.qa.testscripts.TC_OrangeHrmTimeSheet_004"/>
  <system-out>
    <![CDATA[Login is Successful and the Dashboard option is selected]]>
  </system-out>
  <testcase name="assignLeave" time="9.652" classname="com.qa.testscripts.TC_OrangeHrmTimeSheet_004"/>
  <system-out>
    <![CDATA[Assign Leave Button is clicked
The leave date is selected
Leave is overlapped]]>
  </system-out>
  <testcase name="LeaveList" time="9.210" classname="com.qa.testscripts.TC_OrangeHrmTimeSheet_004"/>
  <system-out/>
  <testcase name="TimeSheetView" time="5.883" classname="com.qa.testscripts.TC_OrangeHrmTimeSheet_004"/>
  <system-out>
    <![CDATA[The Time Sheet ofNathan Elliot is displayed]]>
  </system-out>
  <testcase name="TimeSheetView" time="5.839" classname="com.qa.testscripts.TC_OrangeHrmTimeSheet_004"/>
  <system-out>
    <![CDATA[The Time Sheet ofVaish Navi is displayed]]>
  </system-out>
  <testcase name="TimeSheetView" time="6.594" classname="com.qa.testscripts.TC_OrangeHrmTimeSheet_004"/>
  <system-out>
    <![CDATA[The Time Sheet ofJohn Smith is displayed]]>
  </system-out>
  <testcase name="TimeSheetView" time="6.205" classname="com.qa.testscripts.TC_OrangeHrmTimeSheet_004"/>
  <system-out>
    <![CDATA[The Time Sheet ofSara Tencrady is displayed]]>
  </system-out>
  <testcase name="MyTimeSheet" time="22.886" classname="com.qa.testscripts.TC_OrangeHrmTimeSheet_004"/>
  <system-out/>
</testsuite> <!-- com.qa.testscripts.TC_OrangeHrmTimeSheet_004 -->
