<?xml version="1.0" encoding="UTF-8"?>
<!-- Generated by org.testng.reporters.JUnitReportReporter -->
<testsuite skipped="0" hostname="LAPTOP-H6AKN3DE" name="com.qa.testscripts.TC_OrangeHrmValidateUserSearch_005" tests="14" failures="0" timestamp="2021-10-23T14:25:13 IST" time="94.240" errors="0">
  <testcase name="Login" time="6.163" classname="com.qa.testscripts.TC_OrangeHrmValidateUserSearch_005"/>
  <system-out>
    <![CDATA[Login is Successful and the Dashboard option is selected]]>
  </system-out>
  <testcase name="assignLeave" time="9.640" classname="com.qa.testscripts.TC_OrangeHrmValidateUserSearch_005"/>
  <system-out>
    <![CDATA[Assign Leave Button is clicked
The leave date is selected
Leave is overlapped]]>
  </system-out>
  <testcase name="LeaveList" time="9.509" classname="com.qa.testscripts.TC_OrangeHrmValidateUserSearch_005"/>
  <system-out/>
  <testcase name="TimeSheetView" time="6.031" classname="com.qa.testscripts.TC_OrangeHrmValidateUserSearch_005"/>
  <system-out>
    <![CDATA[The Time Sheet of Sara Tencrady is displayed]]>
  </system-out>
  <testcase name="TimeSheetView" time="5.875" classname="com.qa.testscripts.TC_OrangeHrmValidateUserSearch_005"/>
  <system-out>
    <![CDATA[The Time Sheet of Nathan Elliot is displayed]]>
  </system-out>
  <testcase name="TimeSheetView" time="6.005" classname="com.qa.testscripts.TC_OrangeHrmValidateUserSearch_005"/>
  <system-out>
    <![CDATA[The Time Sheet of Vaish Navi is displayed]]>
  </system-out>
  <testcase name="TimeSheetView" time="6.365" classname="com.qa.testscripts.TC_OrangeHrmValidateUserSearch_005"/>
  <system-out>
    <![CDATA[The Time Sheet of John Smith is displayed]]>
  </system-out>
  <testcase name="MyTimeSheet" time="22.723" classname="com.qa.testscripts.TC_OrangeHrmValidateUserSearch_005"/>
  <system-out/>
  <testcase name="ValidateUserSearch" time="3.544" classname="com.qa.testscripts.TC_OrangeHrmValidateUserSearch_005"/>
  <system-out>
    <![CDATA[Employee details are not found]]>
  </system-out>
  <testcase name="ValidateUserSearch" time="3.749" classname="com.qa.testscripts.TC_OrangeHrmValidateUserSearch_005"/>
  <system-out>
    <![CDATA[Employee details are not found]]>
  </system-out>
  <testcase name="ValidateUserSearch" time="4.091" classname="com.qa.testscripts.TC_OrangeHrmValidateUserSearch_005"/>
  <system-out>
    <![CDATA[Employee details are not found]]>
  </system-out>
  <testcase name="ValidateUserSearch" time="3.447" classname="com.qa.testscripts.TC_OrangeHrmValidateUserSearch_005"/>
  <system-out>
    <![CDATA[Employee details are found]]>
  </system-out>
  <testcase name="ValidateUserSearch" time="3.547" classname="com.qa.testscripts.TC_OrangeHrmValidateUserSearch_005"/>
  <system-out>
    <![CDATA[Employee details are found]]>
  </system-out>
  <testcase name="ValidateUserSearch" time="3.551" classname="com.qa.testscripts.TC_OrangeHrmValidateUserSearch_005"/>
  <system-out>
    <![CDATA[Employee details are not found]]>
  </system-out>
</testsuite> <!-- com.qa.testscripts.TC_OrangeHrmValidateUserSearch_005 -->
