<?xml version="1.0" encoding="UTF-8"?>
<!-- Generated by org.testng.reporters.JUnitReportReporter -->
<testsuite skipped="0" hostname="LAPTOP-H6AKN3DE" name="com.qa.testscripts.TC_OrangeHrmAssignLeave_002" tests="2" failures="0" timestamp="2021-10-21T20:54:28 IST" time="18.785" errors="0">
  <testcase name="Login" time="6.330" classname="com.qa.testscripts.TC_OrangeHrmAssignLeave_002"/>
  <system-out>
    <![CDATA[Login is Successful and the Dashboard option is selected]]>
  </system-out>
  <testcase name="assignLeave" time="12.455" classname="com.qa.testscripts.TC_OrangeHrmAssignLeave_002"/>
  <system-out>
    <![CDATA[Assign Leave Button is clicked
The leave date is selected]]>
  </system-out>
</testsuite> <!-- com.qa.testscripts.TC_OrangeHrmAssignLeave_002 -->
