<?xml version="1.0" encoding="UTF-8"?>
<!-- Generated by org.testng.reporters.JUnitReportReporter -->
<testsuite skipped="0" hostname="LAPTOP-H6AKN3DE" name="com.qa.testscripts.TC_OrangeHrmLogin_001" tests="1" failures="0" timestamp="2021-10-21T11:34:03 IST" time="7.562" errors="0">
  <testcase name="Login" time="7.562" classname="com.qa.testscripts.TC_OrangeHrmLogin_001"/>
  <system-out>
    <![CDATA[Login is Successful and the Dashboard option is selected]]>
  </system-out>
</testsuite> <!-- com.qa.testscripts.TC_OrangeHrmLogin_001 -->
