<?xml version="1.0" encoding="UTF-8"?>
<!-- Generated by org.testng.reporters.JUnitReportReporter -->
<testsuite skipped="0" hostname="LAPTOP-H6AKN3DE" name="com.qa.testscripts.TC_OrangeHrmLikePost_011" tests="5" failures="0" timestamp="2021-10-23T19:58:50 IST" time="25.500" errors="0">
  <testcase name="Login" time="6.197" classname="com.qa.testscripts.TC_OrangeHrmLikePost_011"/>
  <system-out>
    <![CDATA[Login is Successful and the Dashboard option is selected]]>
  </system-out>
  <testcase name="postMsg" time="4.441" classname="com.qa.testscripts.TC_OrangeHrmLikePost_011"/>
  <system-out/>
  <testcase name="postMsg" time="4.557" classname="com.qa.testscripts.TC_OrangeHrmLikePost_011"/>
  <system-out/>
  <testcase name="postMsg" time="6.722" classname="com.qa.testscripts.TC_OrangeHrmLikePost_011"/>
  <system-out/>
  <testcase name="likePost" time="3.583" classname="com.qa.testscripts.TC_OrangeHrmLikePost_011"/>
  <system-out>
    <![CDATA[Like function working properly]]>
  </system-out>
</testsuite> <!-- com.qa.testscripts.TC_OrangeHrmLikePost_011 -->
