<?xml version="1.0" encoding="UTF-8"?>
<!-- Generated by org.testng.reporters.JUnitReportReporter -->
<testsuite skipped="0" hostname="LAPTOP-H6AKN3DE" name="com.qa.testscripts.TC_OrangeHrmPIMEmpList_009" tests="36" failures="0" timestamp="2021-10-23T19:09:04 IST" time="315.124" errors="0">
  <testcase name="Login" time="7.274" classname="com.qa.testscripts.TC_OrangeHrmPIMEmpList_009"/>
  <system-out>
    <![CDATA[Login is Successful and the Dashboard option is selected]]>
  </system-out>
  <testcase name="assignLeave" time="10.511" classname="com.qa.testscripts.TC_OrangeHrmPIMEmpList_009"/>
  <system-out>
    <![CDATA[Assign Leave Button is clicked
The leave date is selected
Leave is overlapped]]>
  </system-out>
  <testcase name="LeaveList" time="10.592" classname="com.qa.testscripts.TC_OrangeHrmPIMEmpList_009"/>
  <system-out/>
  <testcase name="TimeSheetView" time="5.959" classname="com.qa.testscripts.TC_OrangeHrmPIMEmpList_009"/>
  <system-out>
    <![CDATA[The Time Sheet of Nathan Elliot is displayed]]>
  </system-out>
  <testcase name="TimeSheetView" time="6.802" classname="com.qa.testscripts.TC_OrangeHrmPIMEmpList_009"/>
  <system-out>
    <![CDATA[The Time Sheet of John Smith is displayed]]>
  </system-out>
  <testcase name="TimeSheetView" time="4.850" classname="com.qa.testscripts.TC_OrangeHrmPIMEmpList_009"/>
  <system-out>
    <![CDATA[The Time Sheet of Vaish Navi is displayed]]>
  </system-out>
  <testcase name="TimeSheetView" time="6.361" classname="com.qa.testscripts.TC_OrangeHrmPIMEmpList_009"/>
  <system-out>
    <![CDATA[The Time Sheet of Sara Tencrady is displayed]]>
  </system-out>
  <testcase name="MyTimeSheet" time="22.673" classname="com.qa.testscripts.TC_OrangeHrmPIMEmpList_009"/>
  <system-out/>
  <testcase name="ValidateUserSearch" time="3.211" classname="com.qa.testscripts.TC_OrangeHrmPIMEmpList_009"/>
  <system-out>
    <![CDATA[Employee details are not found]]>
  </system-out>
  <testcase name="ValidateUserSearch" time="3.221" classname="com.qa.testscripts.TC_OrangeHrmPIMEmpList_009"/>
  <system-out>
    <![CDATA[Employee details are found]]>
  </system-out>
  <testcase name="ValidateSkills" time="12.979" classname="com.qa.testscripts.TC_OrangeHrmPIMEmpList_009"/>
  <system-out>
    <![CDATA[Skill page is displayed
AddSkill page is displayed
Skill name is already exists]]>
  </system-out>
  <testcase name="ValidateUserSearch" time="3.105" classname="com.qa.testscripts.TC_OrangeHrmPIMEmpList_009"/>
  <system-out>
    <![CDATA[Employee details are found]]>
  </system-out>
  <testcase name="ValidateUserSearch" time="3.217" classname="com.qa.testscripts.TC_OrangeHrmPIMEmpList_009"/>
  <system-out>
    <![CDATA[Employee details are not found]]>
  </system-out>
  <testcase name="ValidateUserSearch" time="3.317" classname="com.qa.testscripts.TC_OrangeHrmPIMEmpList_009"/>
  <system-out>
    <![CDATA[Employee details are not found]]>
  </system-out>
  <testcase name="ValidateSkills" time="12.371" classname="com.qa.testscripts.TC_OrangeHrmPIMEmpList_009"/>
  <system-out>
    <![CDATA[Skill page is displayed
AddSkill page is displayed
Skill name is already exists]]>
  </system-out>
  <testcase name="ValidateUserSearch" time="3.033" classname="com.qa.testscripts.TC_OrangeHrmPIMEmpList_009"/>
  <system-out>
    <![CDATA[Employee details are not found]]>
  </system-out>
  <testcase name="ValidateEducation" time="13.199" classname="com.qa.testscripts.TC_OrangeHrmPIMEmpList_009"/>
  <system-out>
    <![CDATA[Education page is displayed
AddEducation page is displayed
Education level is already exists]]>
  </system-out>
  <testcase name="ValidateEducation" time="12.952" classname="com.qa.testscripts.TC_OrangeHrmPIMEmpList_009"/>
  <system-out>
    <![CDATA[Education page is displayed
AddEducation page is displayed
Education level is already exists]]>
  </system-out>
  <testcase name="ValidateLicenses" time="13.267" classname="com.qa.testscripts.TC_OrangeHrmPIMEmpList_009"/>
  <system-out>
    <![CDATA[License page is displayed
AddLicense page is displayed
License name is already exists]]>
  </system-out>
  <testcase name="ValidateLicenses" time="13.095" classname="com.qa.testscripts.TC_OrangeHrmPIMEmpList_009"/>
  <system-out>
    <![CDATA[License page is displayed
AddLicense page is displayed
License name is already exists]]>
  </system-out>
  <testcase name="ValidateLanguages" time="12.760" classname="com.qa.testscripts.TC_OrangeHrmPIMEmpList_009"/>
  <system-out>
    <![CDATA[Language page is displayed
AddLanguage page is displayed
language name is already exists]]>
  </system-out>
  <testcase name="ValidateLanguages" time="13.235" classname="com.qa.testscripts.TC_OrangeHrmPIMEmpList_009"/>
  <system-out>
    <![CDATA[Language page is displayed
AddLanguage page is displayed
language name is already exists]]>
  </system-out>
  <testcase name="ValidateMembership" time="12.244" classname="com.qa.testscripts.TC_OrangeHrmPIMEmpList_009"/>
  <system-out>
    <![CDATA[Membership page is displayed
AddMembership page is displayed
Membership name is already exists]]>
  </system-out>
  <testcase name="ValidateMembership" time="12.479" classname="com.qa.testscripts.TC_OrangeHrmPIMEmpList_009"/>
  <system-out>
    <![CDATA[Membership page is displayed
AddMembership page is displayed
Membership name is already exists]]>
  </system-out>
  <testcase name="Myinfo" time="43.115" classname="com.qa.testscripts.TC_OrangeHrmPIMEmpList_009"/>
  <system-out>
    <![CDATA[Myinfo
Male Radio Button is selected 
Single is Selected from dropdown
Indian is Selected from dropdown
Dateof birth Added Successfully
Personal details are added successfully
Contact details page should be displayed
Address is Added
City is Added
State is Added
Zipcode is Added
India is selected from dropdown
Mobile number is Added
Email is Added
Contact details Added Successfully
Emergency contact page should be displayed
Energency contact name is added
Emergency contact Relationship is added
Emergency contact Home phonenumber is added
Emergency contact mobile number is added
Emergency contact Work phonenumber is added
Emergency contact details Added Successfully
Dependents page should be displayed
Dependent name is added
Relationship is added from dropdown
Dependent Date of birth is added
Dependent Details added successfully
Immigration page is displayed
Add Immigrations Details page is displayed
Passportnumber is added
Immigration Details added successfully
Qualification page should be displayed
AddWorkExperience page should be displayed
Company is added
JobTitle is added
AddWorkExperience page should be displayed
AddEducation page should be displayed
Education is selected from dropdown
Institute name is added
Specialization is added
EducationYear is added
Education GPA is added
Education start date is added
Education End date is added
Education details added successfully]]>
  </system-out>
  <testcase name="Skills" time="2.082" classname="com.qa.testscripts.TC_OrangeHrmPIMEmpList_009"/>
  <system-out>
    <![CDATA[Add Skills page should be displayed
IOTis already Present]]>
  </system-out>
  <testcase name="Skills" time="2.064" classname="com.qa.testscripts.TC_OrangeHrmPIMEmpList_009"/>
  <system-out>
    <![CDATA[Add Skills page should be displayed
Rubyis already Present]]>
  </system-out>
  <testcase name="Skills" time="2.085" classname="com.qa.testscripts.TC_OrangeHrmPIMEmpList_009"/>
  <system-out>
    <![CDATA[Add Skills page should be displayed
SQLis already Present]]>
  </system-out>
  <testcase name="Skills" time="2.080" classname="com.qa.testscripts.TC_OrangeHrmPIMEmpList_009"/>
  <system-out>
    <![CDATA[Add Skills page should be displayed
Perlis already Present]]>
  </system-out>
  <testcase name="Language" time="0.059" classname="com.qa.testscripts.TC_OrangeHrmPIMEmpList_009"/>
  <system-out>
    <![CDATA[Add language page is displayed 
Tamilis already Present]]>
  </system-out>
  <testcase name="Language" time="0.067" classname="com.qa.testscripts.TC_OrangeHrmPIMEmpList_009"/>
  <system-out>
    <![CDATA[Add language page is displayed 
Russianis already Present]]>
  </system-out>
  <testcase name="Language" time="0.060" classname="com.qa.testscripts.TC_OrangeHrmPIMEmpList_009"/>
  <system-out>
    <![CDATA[Add language page is displayed 
Englishis already Present]]>
  </system-out>
  <testcase name="AddEmp" time="19.184" classname="com.qa.testscripts.TC_OrangeHrmPIMEmpList_009"/>
  <system-out/>
  <testcase name="EmpList" time="7.081" classname="com.qa.testscripts.TC_OrangeHrmPIMEmpList_009"/>
  <system-out/>
  <testcase name="EmpList" time="7.119" classname="com.qa.testscripts.TC_OrangeHrmPIMEmpList_009"/>
  <system-out/>
  <testcase name="EmpList" time="7.421" classname="com.qa.testscripts.TC_OrangeHrmPIMEmpList_009"/>
  <system-out/>
</testsuite> <!-- com.qa.testscripts.TC_OrangeHrmPIMEmpList_009 -->
