<?xml version="1.0" encoding="UTF-8"?>
<!-- Generated by org.testng.reporters.JUnitReportReporter -->
<testsuite skipped="0" hostname="LAPTOP-H6AKN3DE" name="com.qa.testscripts.TC_OrangeHrmLeaveList_003" tests="3" failures="0" timestamp="2021-10-22T10:41:55 IST" time="22.036" errors="0">
  <testcase name="Login" time="6.521" classname="com.qa.testscripts.TC_OrangeHrmLeaveList_003"/>
  <system-out>
    <![CDATA[Login is Successful and the Dashboard option is selected]]>
  </system-out>
  <testcase name="assignLeave" time="10.165" classname="com.qa.testscripts.TC_OrangeHrmLeaveList_003"/>
  <system-out>
    <![CDATA[Assign Leave Button is clicked
The leave date is selected
Leave is submitted]]>
  </system-out>
  <testcase name="LeaveList" time="5.350" classname="com.qa.testscripts.TC_OrangeHrmLeaveList_003"/>
  <system-out/>
</testsuite> <!-- com.qa.testscripts.TC_OrangeHrmLeaveList_003 -->
